1644335242082	geckodriver	INFO	Listening on 127.0.0.1:55671
1644335242677	mozrunner::runner	INFO	Running command: "/usr/bin/firefox" "--marionette" "--remote-debugging-port" "54475" "-no-remote" "-profile" "/tmp/rust_mozprofileLflf6P"
1644335244429	Marionette	INFO	Marionette enabled
console.warn: SearchSettings: "get: No settings file exists, new profile?" (new NotFoundError("Could not open the file at /tmp/rust_mozprofileLflf6P/search.json.mozlz4", (void 0)))
DevTools listening on ws://localhost:54475/devtools/browser/055cda86-3d8d-44f4-95d2-9e0bdba587f5
1644335249327	Marionette	INFO	Listening on port 36887
1644335249458	RemoteAgent	WARN	TLS certificate errors will be ignored for this session
JavaScript error: , line 0: TypeError: NetworkError when attempting to fetch resource.
JavaScript error: , line 0: TypeError: NetworkError when attempting to fetch resource.
JavaScript error: , line 0: TypeError: NetworkError when attempting to fetch resource.
JavaScript error: , line 0: TypeError: NetworkError when attempting to fetch resource.
JavaScript error: , line 0: TypeError: NetworkError when attempting to fetch resource.
JavaScript error: , line 0: TypeError: NetworkError when attempting to fetch resource.
Exiting due to channel error.
Exiting due to channel error.
Exiting due to channel error.
1644335550878	geckodriver	INFO	Listening on 127.0.0.1:39937
1644335551473	mozrunner::runner	INFO	Running command: "/usr/bin/firefox" "--marionette" "--remote-debugging-port" "35249" "-no-remote" "-profile" "/tmp/rust_mozprofileSW5Lax"
1644335553193	Marionette	INFO	Marionette enabled
console.warn: SearchSettings: "get: No settings file exists, new profile?" (new NotFoundError("Could not open the file at /tmp/rust_mozprofileSW5Lax/search.json.mozlz4", (void 0)))
DevTools listening on ws://localhost:35249/devtools/browser/5c1432d5-996d-4bcf-8a37-93185634c5c5
1644335557869	Marionette	INFO	Listening on port 40681
1644335558006	RemoteAgent	WARN	TLS certificate errors will be ignored for this session
JavaScript error: , line 0: TypeError: NetworkError when attempting to fetch resource.
Exiting due to channel error.
Exiting due to channel error.
Exiting due to channel error.
1644335967191	geckodriver	INFO	Listening on 127.0.0.1:55241
1644335967377	mozrunner::runner	INFO	Running command: "/usr/bin/firefox" "--marionette" "--remote-debugging-port" "34897" "-no-remote" "-profile" "/tmp/rust_mozprofileto9ago"
1644335968784	Marionette	INFO	Marionette enabled
console.warn: SearchSettings: "get: No settings file exists, new profile?" (new NotFoundError("Could not open the file at /tmp/rust_mozprofileto9ago/search.json.mozlz4", (void 0)))
DevTools listening on ws://localhost:34897/devtools/browser/092d4db1-3cd1-4d9f-b46b-9f8ca4e9b345
1644335973560	Marionette	INFO	Listening on port 44225
1644335973655	RemoteAgent	WARN	TLS certificate errors will be ignored for this session
JavaScript error: , line 0: TypeError: NetworkError when attempting to fetch resource.
Exiting due to channel error.
Exiting due to channel error.
Exiting due to channel error.
1644336090003	geckodriver	INFO	Listening on 127.0.0.1:49069
1644336090640	mozrunner::runner	INFO	Running command: "/usr/bin/firefox" "--marionette" "--remote-debugging-port" "50485" "-no-remote" "-profile" "/tmp/rust_mozprofileJXIqyk"
1644336092185	Marionette	INFO	Marionette enabled
console.warn: SearchSettings: "get: No settings file exists, new profile?" (new NotFoundError("Could not open the file at /tmp/rust_mozprofileJXIqyk/search.json.mozlz4", (void 0)))
DevTools listening on ws://localhost:50485/devtools/browser/143fc5d4-b4c3-4967-b91c-f442e2ebccbc
1644336097316	Marionette	INFO	Listening on port 41193
1644336097452	RemoteAgent	WARN	TLS certificate errors will be ignored for this session
JavaScript error: , line 0: TypeError: NetworkError when attempting to fetch resource.
Exiting due to channel error.
Exiting due to channel error.
Exiting due to channel error.
1644336263742	geckodriver	INFO	Listening on 127.0.0.1:48385
1644336264353	mozrunner::runner	INFO	Running command: "/usr/bin/firefox" "--marionette" "--remote-debugging-port" "42421" "-no-remote" "-profile" "/tmp/rust_mozprofile7h20T2"
1644336265726	Marionette	INFO	Marionette enabled
console.warn: SearchSettings: "get: No settings file exists, new profile?" (new NotFoundError("Could not open the file at /tmp/rust_mozprofile7h20T2/search.json.mozlz4", (void 0)))
DevTools listening on ws://localhost:42421/devtools/browser/fdda7c4b-fcfc-4f32-952c-5b32a559bc05
1644336270456	Marionette	INFO	Listening on port 45921
1644336270536	RemoteAgent	WARN	TLS certificate errors will be ignored for this session
JavaScript error: , line 0: TypeError: NetworkError when attempting to fetch resource.
Exiting due to channel error.
Exiting due to channel error.
Exiting due to channel error.
1644336790637	geckodriver	INFO	Listening on 127.0.0.1:52047
1644336790834	mozrunner::runner	INFO	Running command: "/usr/bin/firefox" "--marionette" "--remote-debugging-port" "37155" "-no-remote" "-profile" "/tmp/rust_mozprofilek2Qfm0"
1644336792246	Marionette	INFO	Marionette enabled
console.warn: SearchSettings: "get: No settings file exists, new profile?" (new NotFoundError("Could not open the file at /tmp/rust_mozprofilek2Qfm0/search.json.mozlz4", (void 0)))
DevTools listening on ws://localhost:37155/devtools/browser/ef3d05a8-f918-408e-9afe-b8e3de07f166
1644336796831	Marionette	INFO	Listening on port 34791
1644336796951	RemoteAgent	WARN	TLS certificate errors will be ignored for this session
JavaScript error: , line 0: TypeError: NetworkError when attempting to fetch resource.
Exiting due to channel error.
Exiting due to channel error.
Exiting due to channel error.
1644337418491	geckodriver	INFO	Listening on 127.0.0.1:35753
1644337419089	mozrunner::runner	INFO	Running command: "/usr/bin/firefox" "--marionette" "--remote-debugging-port" "50799" "-no-remote" "-profile" "/tmp/rust_mozprofileJXIifu"
1644337420587	Marionette	INFO	Marionette enabled
console.warn: SearchSettings: "get: No settings file exists, new profile?" (new NotFoundError("Could not open the file at /tmp/rust_mozprofileJXIifu/search.json.mozlz4", (void 0)))
DevTools listening on ws://localhost:50799/devtools/browser/4501d180-fb54-4bca-ab53-80396ae2cff4
1644337425017	Marionette	INFO	Listening on port 33325
1644337425072	RemoteAgent	WARN	TLS certificate errors will be ignored for this session
JavaScript error: , line 0: TypeError: NetworkError when attempting to fetch resource.
Exiting due to channel error.
Exiting due to channel error.
Exiting due to channel error.
1644337553968	geckodriver	INFO	Listening on 127.0.0.1:36797
1644337554161	mozrunner::runner	INFO	Running command: "/usr/bin/firefox" "--marionette" "--remote-debugging-port" "53197" "-no-remote" "-profile" "/tmp/rust_mozprofilejrsWyW"
1644337555507	Marionette	INFO	Marionette enabled
console.warn: SearchSettings: "get: No settings file exists, new profile?" (new NotFoundError("Could not open the file at /tmp/rust_mozprofilejrsWyW/search.json.mozlz4", (void 0)))
DevTools listening on ws://localhost:53197/devtools/browser/fe83db64-d5e9-4267-8e2e-14a224350b4a
1644337560224	Marionette	INFO	Listening on port 41343
1644337560332	RemoteAgent	WARN	TLS certificate errors will be ignored for this session
JavaScript error: , line 0: TypeError: NetworkError when attempting to fetch resource.
Exiting due to channel error.
Exiting due to channel error.
Exiting due to channel error.
1644337852269	geckodriver	INFO	Listening on 127.0.0.1:35657
1644337852413	mozrunner::runner	INFO	Running command: "/usr/bin/firefox" "--marionette" "--remote-debugging-port" "34785" "-no-remote" "-profile" "/tmp/rust_mozprofile5hEHvK"
1644337853761	Marionette	INFO	Marionette enabled
console.warn: SearchSettings: "get: No settings file exists, new profile?" (new NotFoundError("Could not open the file at /tmp/rust_mozprofile5hEHvK/search.json.mozlz4", (void 0)))
DevTools listening on ws://localhost:34785/devtools/browser/4aa453c5-173d-416f-8440-7b5febc48eab
1644337858143	Marionette	INFO	Listening on port 39911
1644337858193	RemoteAgent	WARN	TLS certificate errors will be ignored for this session
JavaScript error: , line 0: TypeError: NetworkError when attempting to fetch resource.
Exiting due to channel error.
Exiting due to channel error.
Exiting due to channel error.
1644337988749	geckodriver	INFO	Listening on 127.0.0.1:43629
1644337989337	mozrunner::runner	INFO	Running command: "/usr/bin/firefox" "--marionette" "--remote-debugging-port" "34351" "-no-remote" "-profile" "/tmp/rust_mozprofileGT96Of"
1644337990643	Marionette	INFO	Marionette enabled
console.warn: SearchSettings: "get: No settings file exists, new profile?" (new NotFoundError("Could not open the file at /tmp/rust_mozprofileGT96Of/search.json.mozlz4", (void 0)))
DevTools listening on ws://localhost:34351/devtools/browser/aceecaf6-f980-4c3e-a4ec-daab1c2a0303
1644337995424	Marionette	INFO	Listening on port 42763
1644337995508	RemoteAgent	WARN	TLS certificate errors will be ignored for this session
JavaScript error: , line 0: TypeError: NetworkError when attempting to fetch resource.
1644338040841	Marionette	INFO	Stopped listening on port 42763
JavaScript error: resource:///modules/Interactions.jsm, line 209: NS_ERROR_FAILURE: Component returned failure code: 0x80004005 (NS_ERROR_FAILURE) [nsIUserIdleService.removeIdleObserver]
!!! error running onStopped callback: TypeError: callback is not a function

###!!! [Child][RunMessage] Error: Channel closing: too late to send/recv, messages will be lost

1644338043374	RemoteAgent	ERROR	unable to stop listener: [Exception... "Component returned failure code: 0x8000ffff (NS_ERROR_UNEXPECTED) [nsIWindowMediator.getEnumerator]"  nsresult: "0x8000ffff (NS_ERROR_UNEXPECTED)"  location: "JS frame :: chrome://remote/content/cdp/observers/TargetObserver.jsm :: stop :: line 64"  data: no] Stack trace: stop()@TargetObserver.jsm:64
unwatchForTabs()@TargetList.jsm:70
unwatchForTargets()@TargetList.jsm:37
destructor()@TargetList.jsm:109
stop()@CDP.jsm:104
close()@RemoteAgent.jsm:138
1644338120193	geckodriver	INFO	Listening on 127.0.0.1:56023
1644338120317	mozrunner::runner	INFO	Running command: "/usr/bin/firefox" "--marionette" "--remote-debugging-port" "55307" "-no-remote" "-profile" "/tmp/rust_mozprofileF6CtHq"
1644338121637	Marionette	INFO	Marionette enabled
console.warn: SearchSettings: "get: No settings file exists, new profile?" (new NotFoundError("Could not open the file at /tmp/rust_mozprofileF6CtHq/search.json.mozlz4", (void 0)))
DevTools listening on ws://localhost:55307/devtools/browser/d9f72f88-4b3b-4ac6-ae4c-a064f0a085f9
1644338126788	Marionette	INFO	Listening on port 46387
1644338126886	RemoteAgent	WARN	TLS certificate errors will be ignored for this session
JavaScript error: , line 0: TypeError: NetworkError when attempting to fetch resource.
JavaScript error: , line 0: TypeError: NetworkError when attempting to fetch resource.
JavaScript error: , line 0: uncaught exception: undefined
JavaScript error: , line 0: TypeError: NetworkError when attempting to fetch resource.
JavaScript error: https://s0.2mdn.net/sadbundle/12150954560623357974/index.js, line 3205: ReferenceError: repeat is not defined
JavaScript error: , line 0: TypeError: NetworkError when attempting to fetch resource.
JavaScript error: , line 0: TypeError: NetworkError when attempting to fetch resource.
JavaScript error: , line 0: TypeError: NetworkError when attempting to fetch resource.
JavaScript error: , line 0: TypeError: NetworkError when attempting to fetch resource.
JavaScript error: , line 0: TypeError: NetworkError when attempting to fetch resource.
JavaScript error: , line 0: TypeError: NetworkError when attempting to fetch resource.
JavaScript error: , line 0: TypeError: NetworkError when attempting to fetch resource.
JavaScript error: , line 0: TypeError: NetworkError when attempting to fetch resource.
JavaScript error: , line 0: TypeError: NetworkError when attempting to fetch resource.
JavaScript error: , line 0: TypeError: NetworkError when attempting to fetch resource.
1644338484904	Marionette	INFO	Stopped listening on port 46387
JavaScript error: resource:///modules/Interactions.jsm, line 209: NS_ERROR_FAILURE: Component returned failure code: 0x80004005 (NS_ERROR_FAILURE) [nsIUserIdleService.removeIdleObserver]
!!! error running onStopped callback: TypeError: callback is not a function
JavaScript error: , line 0: TypeError: NetworkError when attempting to fetch resource.
JavaScript error: , line 0: TypeError: NetworkError when attempting to fetch resource.
JavaScript error: , line 0: uncaught exception: undefined
[Parent 18488, IPC I/O Parent] WARNING: FileDescriptorSet destroyed with unconsumed descriptors: file ./ipc/chromium/src/chrome/common/file_descriptor_set_posix.cc:19

###!!! [Parent][RunMessage] Error: Channel closing: too late to send/recv, messages will be lost

1644338487666	RemoteAgent	ERROR	unable to stop listener: [Exception... "Component returned failure code: 0x8000ffff (NS_ERROR_UNEXPECTED) [nsIWindowMediator.getEnumerator]"  nsresult: "0x8000ffff (NS_ERROR_UNEXPECTED)"  location: "JS frame :: chrome://remote/content/cdp/observers/TargetObserver.jsm :: stop :: line 64"  data: no] Stack trace: stop()@TargetObserver.jsm:64
unwatchForTabs()@TargetList.jsm:70
unwatchForTargets()@TargetList.jsm:37
destructor()@TargetList.jsm:109
stop()@CDP.jsm:104
close()@RemoteAgent.jsm:138
1644338841816	geckodriver	INFO	Listening on 127.0.0.1:51537
1644338842005	mozrunner::runner	INFO	Running command: "/usr/bin/firefox" "--marionette" "--remote-debugging-port" "42701" "-no-remote" "-profile" "/tmp/rust_mozprofileEn5JMq"
1644338843252	Marionette	INFO	Marionette enabled
console.warn: SearchSettings: "get: No settings file exists, new profile?" (new NotFoundError("Could not open the file at /tmp/rust_mozprofileEn5JMq/search.json.mozlz4", (void 0)))
DevTools listening on ws://localhost:42701/devtools/browser/fd423430-dbec-467d-abdc-b2195cd7b5ec
1644338848282	Marionette	INFO	Listening on port 41931
1644338848405	RemoteAgent	WARN	TLS certificate errors will be ignored for this session
JavaScript error: , line 0: TypeError: NetworkError when attempting to fetch resource.
Exiting due to channel error.
Exiting due to channel error.
Exiting due to channel error.
1644339121045	geckodriver	INFO	Listening on 127.0.0.1:46269
1644339121632	mozrunner::runner	INFO	Running command: "/usr/bin/firefox" "--marionette" "--remote-debugging-port" "37175" "-no-remote" "-profile" "/tmp/rust_mozprofileFY30Uw"
1644339122927	Marionette	INFO	Marionette enabled
console.warn: SearchSettings: "get: No settings file exists, new profile?" (new NotFoundError("Could not open the file at /tmp/rust_mozprofileFY30Uw/search.json.mozlz4", (void 0)))
DevTools listening on ws://localhost:37175/devtools/browser/c37cef1c-ffae-419a-a15d-156af766f4e7
1644339127803	Marionette	INFO	Listening on port 45795
1644339127922	RemoteAgent	WARN	TLS certificate errors will be ignored for this session
1644339291932	Marionette	INFO	Stopped listening on port 45795
JavaScript error: resource:///modules/Interactions.jsm, line 209: NS_ERROR_FAILURE: Component returned failure code: 0x80004005 (NS_ERROR_FAILURE) [nsIUserIdleService.removeIdleObserver]
!!! error running onStopped callback: TypeError: callback is not a function

###!!! [Parent][MessageChannel] Error: (msgtype=0x390076,name=PContent::Msg_DestroyBrowsingContextGroup) Closed channel: cannot send/recv

[Parent 22955, IPC I/O Parent] WARNING: FileDescriptorSet destroyed with unconsumed descriptors: file ./ipc/chromium/src/chrome/common/file_descriptor_set_posix.cc:19
1644339292484	RemoteAgent	ERROR	unable to stop listener: [Exception... "Component returned failure code: 0x8000ffff (NS_ERROR_UNEXPECTED) [nsIWindowMediator.getEnumerator]"  nsresult: "0x8000ffff (NS_ERROR_UNEXPECTED)"  location: "JS frame :: chrome://remote/content/cdp/observers/TargetObserver.jsm :: stop :: line 64"  data: no] Stack trace: stop()@TargetObserver.jsm:64
unwatchForTabs()@TargetList.jsm:70
unwatchForTargets()@TargetList.jsm:37
destructor()@TargetList.jsm:109
stop()@CDP.jsm:104
close()@RemoteAgent.jsm:138
1644339357310	geckodriver	INFO	Listening on 127.0.0.1:42553
1644339357477	mozrunner::runner	INFO	Running command: "/usr/bin/firefox" "--marionette" "--remote-debugging-port" "41605" "-no-remote" "-profile" "/tmp/rust_mozprofileefHQnn"
1644339358823	Marionette	INFO	Marionette enabled
console.warn: SearchSettings: "get: No settings file exists, new profile?" (new NotFoundError("Could not open the file at /tmp/rust_mozprofileefHQnn/search.json.mozlz4", (void 0)))
DevTools listening on ws://localhost:41605/devtools/browser/725634a2-8a3f-4b1f-8cd4-7e5795513622
1644339363522	Marionette	INFO	Listening on port 43581
1644339363648	RemoteAgent	WARN	TLS certificate errors will be ignored for this session
JavaScript error: , line 0: uncaught exception: undefined
JavaScript error: , line 0: TypeError: NetworkError when attempting to fetch resource.
JavaScript error: , line 0: TypeError: NetworkError when attempting to fetch resource.
JavaScript error: , line 0: TypeError: NetworkError when attempting to fetch resource.
JavaScript error: , line 0: TypeError: NetworkError when attempting to fetch resource.
JavaScript error: , line 0: TypeError: NetworkError when attempting to fetch resource.
JavaScript error: , line 0: TypeError: NetworkError when attempting to fetch resource.
JavaScript error: , line 0: TypeError: NetworkError when attempting to fetch resource.
JavaScript error: , line 0: TypeError: NetworkError when attempting to fetch resource.
JavaScript error: , line 0: TypeError: NetworkError when attempting to fetch resource.
1644339654436	Marionette	INFO	Stopped listening on port 43581
JavaScript error: resource:///modules/Interactions.jsm, line 209: NS_ERROR_FAILURE: Component returned failure code: 0x80004005 (NS_ERROR_FAILURE) [nsIUserIdleService.removeIdleObserver]
!!! error running onStopped callback: TypeError: callback is not a function
1644339655522	RemoteAgent	ERROR	unable to stop listener: [Exception... "Component returned failure code: 0x8000ffff (NS_ERROR_UNEXPECTED) [nsIWindowMediator.getEnumerator]"  nsresult: "0x8000ffff (NS_ERROR_UNEXPECTED)"  location: "JS frame :: chrome://remote/content/cdp/observers/TargetObserver.jsm :: stop :: line 64"  data: no] Stack trace: stop()@TargetObserver.jsm:64
unwatchForTabs()@TargetList.jsm:70
unwatchForTargets()@TargetList.jsm:37
destructor()@TargetList.jsm:109
stop()@CDP.jsm:104
close()@RemoteAgent.jsm:138
